# JRE version: Java(TM) SE Runtime Environment (17.0.12+8) (build 17.0.12+8-LTS-286)
# Java VM: Java HotSpot(TM) 64-Bit Server VM (17.0.12+8-LTS-286, mixed mode, sharing, tiered, compressed oops, compressed class ptrs, g1 gc, windows-amd64)
GC Precious Log:
 CPUs: 8 total, 8 available
 Memory: 16106M
 Large Page Support: Disabled
 NUMA Support: Disabled
 Compressed Oops: Enabled (Zero based)
 Heap Region Size: 2M
 Heap Min Capacity: 8M
 Heap Initial Capacity: 252M
 Heap Max Capacity: 4028M
 Pre-touch: Disabled
 Parallel Workers: 8
 Concurrent Workers: 2
 Concurrent Refinement Workers: 8
 Periodic GC: Disabled
Heap:
 garbage-first heap   total 81920K, used 49966K [0x0000000704400000, 0x0000000800000000)
  region size 2048K, 11 young (22528K), 1 survivors (2048K)
 Metaspace       used 77043K, committed 77696K, reserved 1179648K
  class space    used 10439K, committed 10752K, reserved 1048576K
GC Heap History (20 events):
Event: 4.385 GC heap before
{Heap before GC invocations=7 (full 0):
 garbage-first heap   total 55296K, used 37849K [0x0000000704400000, 0x0000000800000000)
  region size 2048K, 11 young (22528K), 1 survivors (2048K)
 Metaspace       used 31971K, committed 32448K, reserved 1114112K
  class space    used 4204K, committed 4416K, reserved 1048576K
}
Event: 4.396 GC heap after
{Heap after GC invocations=8 (full 0):
 garbage-first heap   total 157696K, used 19580K [0x0000000704400000, 0x0000000800000000)
  region size 2048K, 2 young (4096K), 2 survivors (4096K)
 Metaspace       used 31971K, committed 32448K, reserved 1114112K
  class space    used 4204K, committed 4416K, reserved 1048576K
}
Event: 5.065 GC heap before
{Heap before GC invocations=8 (full 0):
 garbage-first heap   total 157696K, used 38012K [0x0000000704400000, 0x0000000800000000)
  region size 2048K, 12 young (24576K), 2 survivors (4096K)
 Metaspace       used 35731K, committed 36160K, reserved 1114112K
  class space    used 4716K, committed 4928K, reserved 1048576K
}
Event: 5.075 GC heap after
{Heap after GC invocations=9 (full 0):
 garbage-first heap   total 157696K, used 21020K [0x0000000704400000, 0x0000000800000000)
  region size 2048K, 3 young (6144K), 3 survivors (6144K)
 Metaspace       used 35731K, committed 36160K, reserved 1114112K
  class space    used 4716K, committed 4928K, reserved 1048576K
}
Event: 6.419 GC heap before
{Heap before GC invocations=10 (full 0):
 garbage-first heap   total 81920K, used 64028K [0x0000000704400000, 0x0000000800000000)
  region size 2048K, 24 young (49152K), 3 survivors (6144K)
 Metaspace       used 46375K, committed 46912K, reserved 1114112K
  class space    used 6298K, committed 6528K, reserved 1048576K
}
Event: 6.437 GC heap after
{Heap after GC invocations=11 (full 0):
 garbage-first heap   total 81920K, used 23423K [0x0000000704400000, 0x0000000800000000)
  region size 2048K, 2 young (4096K), 2 survivors (4096K)
 Metaspace       used 46375K, committed 46912K, reserved 1114112K
  class space    used 6298K, committed 6528K, reserved 1048576K
}
Event: 6.479 GC heap before
{Heap before GC invocations=11 (full 0):
 garbage-first heap   total 81920K, used 25471K [0x0000000704400000, 0x0000000800000000)
  region size 2048K, 3 young (6144K), 2 survivors (4096K)
 Metaspace       used 46805K, committed 47296K, reserved 1114112K
  class space    used 6340K, committed 6592K, reserved 1048576K
}
Event: 6.486 GC heap after
{Heap after GC invocations=12 (full 0):
 garbage-first heap   total 81920K, used 23627K [0x0000000704400000, 0x0000000800000000)
  region size 2048K, 1 young (2048K), 1 survivors (2048K)
 Metaspace       used 46805K, committed 47296K, reserved 1114112K
  class space    used 6340K, committed 6592K, reserved 1048576K
}
Event: 7.242 GC heap before
{Heap before GC invocations=12 (full 0):
 garbage-first heap   total 81920K, used 56395K [0x0000000704400000, 0x0000000800000000)
  region size 2048K, 18 young (36864K), 1 survivors (2048K)
 Metaspace       used 55197K, committed 55744K, reserved 1114112K
  class space    used 7654K, committed 7872K, reserved 1048576K
}
Event: 7.250 GC heap after
{Heap after GC invocations=13 (full 0):
 garbage-first heap   total 81920K, used 24523K [0x0000000704400000, 0x0000000800000000)
  region size 2048K, 1 young (2048K), 1 survivors (2048K)
 Metaspace       used 55197K, committed 55744K, reserved 1114112K
  class space    used 7654K, committed 7872K, reserved 1048576K
}
Event: 7.924 GC heap before
{Heap before GC invocations=13 (full 0):
 garbage-first heap   total 81920K, used 53195K [0x0000000704400000, 0x0000000800000000)
  region size 2048K, 16 young (32768K), 1 survivors (2048K)
 Metaspace       used 60155K, committed 60608K, reserved 1114112K
  class space    used 8363K, committed 8576K, reserved 1048576K
}
Event: 7.933 GC heap after
{Heap after GC invocations=14 (full 0):
 garbage-first heap   total 81920K, used 26276K [0x0000000704400000, 0x0000000800000000)
  region size 2048K, 2 young (4096K), 2 survivors (4096K)
 Metaspace       used 60155K, committed 60608K, reserved 1114112K
  class space    used 8363K, committed 8576K, reserved 1048576K
}
Event: 8.911 GC heap before
{Heap before GC invocations=15 (full 0):
 garbage-first heap   total 81920K, used 61092K [0x0000000704400000, 0x0000000800000000)
  region size 2048K, 19 young (38912K), 2 survivors (4096K)
 Metaspace       used 64425K, committed 65088K, reserved 1114112K
  class space    used 8972K, committed 9280K, reserved 1048576K
}
Event: 8.918 GC heap after
{Heap after GC invocations=16 (full 0):
 garbage-first heap   total 81920K, used 29111K [0x0000000704400000, 0x0000000800000000)
  region size 2048K, 3 young (6144K), 3 survivors (6144K)
 Metaspace       used 64425K, committed 65088K, reserved 1114112K
  class space    used 8972K, committed 9280K, reserved 1048576K
}
Event: 15.693 GC heap before
{Heap before GC invocations=16 (full 0):
 garbage-first heap   total 81920K, used 63927K [0x0000000704400000, 0x0000000800000000)
  region size 2048K, 20 young (40960K), 3 survivors (6144K)
 Metaspace       used 68828K, committed 69440K, reserved 1114112K
  class space    used 9566K, committed 9856K, reserved 1048576K
}
Event: 15.699 GC heap after
{Heap after GC invocations=17 (full 0):
 garbage-first heap   total 81920K, used 32319K [0x0000000704400000, 0x0000000800000000)
  region size 2048K, 3 young (6144K), 3 survivors (6144K)
 Metaspace       used 68828K, committed 69440K, reserved 1114112K
  class space    used 9566K, committed 9856K, reserved 1048576K
}
Event: 182.909 GC heap before
{Heap before GC invocations=17 (full 0):
 garbage-first heap   total 81920K, used 63039K [0x0000000704400000, 0x0000000800000000)
  region size 2048K, 19 young (38912K), 3 survivors (6144K)
 Metaspace       used 75291K, committed 75904K, reserved 1179648K
  class space    used 10421K, committed 10688K, reserved 1048576K
}
Event: 182.918 GC heap after
{Heap after GC invocations=18 (full 0):
 garbage-first heap   total 81920K, used 33890K [0x0000000704400000, 0x0000000800000000)
  region size 2048K, 1 young (2048K), 1 survivors (2048K)
 Metaspace       used 75291K, committed 75904K, reserved 1179648K
  class space    used 10421K, committed 10688K, reserved 1048576K
}
Event: 402.211 GC heap before
{Heap before GC invocations=18 (full 0):
 garbage-first heap   total 81920K, used 64610K [0x0000000704400000, 0x0000000800000000)
  region size 2048K, 16 young (32768K), 1 survivors (2048K)
 Metaspace       used 76583K, committed 77312K, reserved 1179648K
  class space    used 10433K, committed 10752K, reserved 1048576K
}
Event: 402.214 GC heap after
{Heap after GC invocations=19 (full 0):
 garbage-first heap   total 81920K, used 33582K [0x0000000704400000, 0x0000000800000000)
  region size 2048K, 1 young (2048K), 1 survivors (2048K)
 Metaspace       used 76583K, committed 77312K, reserved 1179648K
  class space    used 10433K, committed 10752K, reserved 1048576K
}

